<?xml version="1.0" encoding="UTF-8"?>
<!-- Generated by org.testng.reporters.JUnitXMLReporter -->
<testsuite hostname="Julidell" name="Default test" tests="4" failures="0" timestamp="5 Jun 2017 10:19:41 GMT" time="24.191" errors="0">
  <testcase name="navigationCheckOutPage" time="0.769" classname="com.practiceseleniumproject.test.NavigationByLinksTest"/>
  <testcase name="navigationLetsTalkTeaPage" time="3.824" classname="com.practiceseleniumproject.test.NavigationByLinksTest"/>
  <testcase name="testMenuLink" time="0.437" classname="com.practiceseleniumproject.test.NavigationByLinksTest"/>
  <testcase name="testOurPassionLink" time="0.336" classname="com.practiceseleniumproject.test.NavigationByLinksTest"/>
</testsuite> <!-- Default test -->
