<?xml version="1.0" encoding="UTF-8"?>
<testng-results skipped="0" failed="0" total="4" passed="4">
  <reporter-output>
  </reporter-output>
  <suite name="Default suite" duration-ms="24191" started-at="2017-06-05T10:19:17Z" finished-at="2017-06-05T10:19:41Z">
    <groups>
    </groups>
    <test name="Default test" duration-ms="24191" started-at="2017-06-05T10:19:17Z" finished-at="2017-06-05T10:19:41Z">
      <class name="com.practiceseleniumproject.test.NavigationByLinksTest">
        <test-method status="PASS" signature="setup()[pri:0, instance:com.practiceseleniumproject.test.NavigationByLinksTest@558756be]" name="setup" is-config="true" duration-ms="44" started-at="2017-06-05T13:19:17Z" finished-at="2017-06-05T13:19:17Z">
          <reporter-output>
          </reporter-output>
        </test-method> <!-- setup -->
        <test-method status="PASS" signature="WelcomePage()[pri:0, instance:com.practiceseleniumproject.test.NavigationByLinksTest@558756be]" name="WelcomePage" is-config="true" duration-ms="6829" started-at="2017-06-05T13:19:17Z" finished-at="2017-06-05T13:19:24Z">
          <reporter-output>
          </reporter-output>
        </test-method> <!-- WelcomePage -->
        <test-method status="PASS" signature="navigationCheckOutPage()[pri:0, instance:com.practiceseleniumproject.test.NavigationByLinksTest@558756be]" name="navigationCheckOutPage" duration-ms="769" started-at="2017-06-05T13:19:24Z" finished-at="2017-06-05T13:19:25Z">
          <reporter-output>
          </reporter-output>
        </test-method> <!-- navigationCheckOutPage -->
        <test-method status="PASS" signature="tearDown()[pri:0, instance:com.practiceseleniumproject.test.NavigationByLinksTest@558756be]" name="tearDown" is-config="true" duration-ms="2250" started-at="2017-06-05T13:19:25Z" finished-at="2017-06-05T13:19:27Z">
          <reporter-output>
          </reporter-output>
        </test-method> <!-- tearDown -->
        <test-method status="PASS" signature="WelcomePage()[pri:0, instance:com.practiceseleniumproject.test.NavigationByLinksTest@558756be]" name="WelcomePage" is-config="true" duration-ms="2956" started-at="2017-06-05T13:19:27Z" finished-at="2017-06-05T13:19:30Z">
          <reporter-output>
          </reporter-output>
        </test-method> <!-- WelcomePage -->
        <test-method status="PASS" signature="navigationLetsTalkTeaPage()[pri:0, instance:com.practiceseleniumproject.test.NavigationByLinksTest@558756be]" name="navigationLetsTalkTeaPage" duration-ms="3824" started-at="2017-06-05T13:19:30Z" finished-at="2017-06-05T13:19:34Z">
          <reporter-output>
          </reporter-output>
        </test-method> <!-- navigationLetsTalkTeaPage -->
        <test-method status="PASS" signature="tearDown()[pri:0, instance:com.practiceseleniumproject.test.NavigationByLinksTest@558756be]" name="tearDown" is-config="true" duration-ms="162" started-at="2017-06-05T13:19:34Z" finished-at="2017-06-05T13:19:34Z">
          <reporter-output>
          </reporter-output>
        </test-method> <!-- tearDown -->
        <test-method status="PASS" signature="WelcomePage()[pri:0, instance:com.practiceseleniumproject.test.NavigationByLinksTest@558756be]" name="WelcomePage" is-config="true" duration-ms="3097" started-at="2017-06-05T13:19:34Z" finished-at="2017-06-05T13:19:37Z">
          <reporter-output>
          </reporter-output>
        </test-method> <!-- WelcomePage -->
        <test-method status="PASS" signature="testMenuLink()[pri:0, instance:com.practiceseleniumproject.test.NavigationByLinksTest@558756be]" name="testMenuLink" duration-ms="437" started-at="2017-06-05T13:19:37Z" finished-at="2017-06-05T13:19:37Z">
          <reporter-output>
          </reporter-output>
        </test-method> <!-- testMenuLink -->
        <test-method status="PASS" signature="tearDown()[pri:0, instance:com.practiceseleniumproject.test.NavigationByLinksTest@558756be]" name="tearDown" is-config="true" duration-ms="214" started-at="2017-06-05T13:19:37Z" finished-at="2017-06-05T13:19:38Z">
          <reporter-output>
          </reporter-output>
        </test-method> <!-- tearDown -->
        <test-method status="PASS" signature="WelcomePage()[pri:0, instance:com.practiceseleniumproject.test.NavigationByLinksTest@558756be]" name="WelcomePage" is-config="true" duration-ms="2989" started-at="2017-06-05T13:19:38Z" finished-at="2017-06-05T13:19:41Z">
          <reporter-output>
          </reporter-output>
        </test-method> <!-- WelcomePage -->
        <test-method status="PASS" signature="testOurPassionLink()[pri:0, instance:com.practiceseleniumproject.test.NavigationByLinksTest@558756be]" name="testOurPassionLink" duration-ms="336" started-at="2017-06-05T13:19:41Z" finished-at="2017-06-05T13:19:41Z">
          <reporter-output>
          </reporter-output>
        </test-method> <!-- testOurPassionLink -->
        <test-method status="PASS" signature="tearDown()[pri:0, instance:com.practiceseleniumproject.test.NavigationByLinksTest@558756be]" name="tearDown" is-config="true" duration-ms="133" started-at="2017-06-05T13:19:41Z" finished-at="2017-06-05T13:19:41Z">
          <reporter-output>
          </reporter-output>
        </test-method> <!-- tearDown -->
      </class> <!-- com.practiceseleniumproject.test.NavigationByLinksTest -->
    </test> <!-- Default test -->
  </suite> <!-- Default suite -->
</testng-results>
